[2026-04-28T20:00:25.010Z] Requesting: http://localhost/rapair-management/server/public/api/intelligence/schema
[2026-04-28T20:00:28.912Z] Requesting: http://localhost/rapair-management/server/public/api/intelligence/query
[2026-04-28T20:00:30.238Z] Requesting: http://localhost/rapair-management/server/public/api/intelligence/query
[2026-04-28T20:00:31.470Z] Requesting: http://localhost/rapair-management/server/public/api/intelligence/query
[2026-04-28T20:00:54.757Z] Requesting: http://localhost/rapair-management/server/public/api/intelligence/schema
[2026-04-28T20:00:57.242Z] Requesting: http://localhost/rapair-management/server/public/api/intelligence/query
[2026-04-28T20:00:58.593Z] Requesting: http://localhost/rapair-management/server/public/api/intelligence/query
[2026-04-28T20:01:30.442Z] Requesting: http://localhost/rapair-management/server/public/api/intelligence/schema
[2026-04-28T20:01:32.939Z] Requesting: http://localhost/rapair-management/server/public/api/intelligence/query
[2026-04-28T20:01:34.389Z] Requesting: http://localhost/rapair-management/server/public/api/intelligence/query
[2026-04-28T20:01:44.368Z] Requesting: http://localhost/rapair-management/server/public/api/intelligence/schema
[2026-04-28T20:01:46.779Z] Requesting: http://localhost/rapair-management/server/public/api/intelligence/query
[2026-04-28T20:01:48.143Z] Requesting: http://localhost/rapair-management/server/public/api/intelligence/query
[2026-04-28T20:02:14.490Z] Requesting: http://localhost/rapair-management/server/public/api/intelligence/schema
[2026-04-28T20:02:16.672Z] Requesting: http://localhost/rapair-management/server/public/api/intelligence/query
[2026-04-28T20:02:38.849Z] Requesting: http://localhost/rapair-management/server/public/api/intelligence/schema
[2026-04-28T20:02:41.173Z] Requesting: http://localhost/rapair-management/server/public/api/intelligence/query
[2026-04-28T20:02:42.359Z] Requesting: http://localhost/rapair-management/server/public/api/intelligence/query
[2026-04-28T20:02:43.786Z] Requesting: http://localhost/rapair-management/server/public/api/intelligence/query
[2026-04-28T20:04:20.013Z] Requesting: http://localhost/rapair-management/server/public/api/intelligence/schema
[2026-04-28T20:07:27.987Z] Requesting: http://localhost/rapair-management/server/public/api/intelligence/schema
[2026-04-28T20:14:48.335Z] Requesting: http://localhost/rapair-management/server/public/api/intelligence/schema
[2026-04-28T20:14:56.054Z] Requesting: http://localhost/rapair-management/server/public/api/intelligence/query
[2026-04-28T20:27:22.256Z] Requesting: http://localhost/rapair-management/server/public/api/intelligence/schema
[2026-04-28T20:27:39.426Z] Requesting: http://localhost/rapair-management/server/public/api/intelligence/query
[2026-04-28T20:27:47.363Z] Requesting: http://localhost/rapair-management/server/public/api/intelligence/query
[2026-04-28T20:28:06.019Z] Requesting: http://localhost/rapair-management/server/public/api/intelligence/query
[2026-04-28T20:28:15.082Z] Requesting: http://localhost/rapair-management/server/public/api/intelligence/query
[2026-04-28T20:28:48.427Z] Requesting: http://localhost/rapair-management/server/public/api/intelligence/query
[2026-04-28T20:29:00.069Z] Requesting: http://localhost/rapair-management/server/public/api/intelligence/query
[2026-04-28T20:29:30.253Z] Requesting: http://localhost/rapair-management/server/public/api/intelligence/query
[2026-04-28T20:30:13.400Z] Requesting: http://localhost/rapair-management/server/public/api/intelligence/query
[2026-04-28T20:31:01.118Z] Requesting: http://localhost/rapair-management/server/public/api/intelligence/schema
[2026-04-28T20:31:15.713Z] Requesting: http://localhost/rapair-management/server/public/api/intelligence/query
[2026-04-28T20:31:37.187Z] Requesting: http://localhost/rapair-management/server/public/api/intelligence/query
[2026-04-28T20:31:58.109Z] Requesting: http://localhost/rapair-management/server/public/api/intelligence/query
[2026-04-28T20:32:16.524Z] Requesting: http://localhost/rapair-management/server/public/api/intelligence/query
[2026-04-28T20:32:46.821Z] Requesting: http://localhost/rapair-management/server/public/api/intelligence/query
[2026-04-28T20:32:58.677Z] Requesting: http://localhost/rapair-management/server/public/api/intelligence/query
[2026-04-28T20:33:44.626Z] Requesting: http://localhost/rapair-management/server/public/api/intelligence/query
[2026-04-28T20:34:22.057Z] Requesting: http://localhost/rapair-management/server/public/api/intelligence/query
[2026-04-28T20:34:32.422Z] Requesting: http://localhost/rapair-management/server/public/api/intelligence/query
[2026-04-28T20:35:11.832Z] Requesting: http://localhost/rapair-management/server/public/api/intelligence/query
[2026-04-28T20:35:47.789Z] Requesting: http://localhost/rapair-management/server/public/api/intelligence/query
[2026-04-28T20:37:28.955Z] Requesting: http://localhost/rapair-management/server/public/api/intelligence/schema
[2026-04-28T20:37:40.593Z] Requesting: http://localhost/rapair-management/server/public/api/intelligence/query
[2026-04-28T20:37:59.136Z] Requesting: http://localhost/rapair-management/server/public/api/intelligence/query
[2026-04-28T20:38:14.254Z] Requesting: http://localhost/rapair-management/server/public/api/intelligence/query
[2026-04-28T20:38:31.520Z] Requesting: http://localhost/rapair-management/server/public/api/intelligence/query
[2026-04-28T20:39:13.268Z] Requesting: http://localhost/rapair-management/server/public/api/intelligence/schema
[2026-04-28T20:39:25.047Z] Requesting: http://localhost/rapair-management/server/public/api/intelligence/query
[2026-04-28T20:39:43.533Z] Requesting: http://localhost/rapair-management/server/public/api/intelligence/query
[2026-04-28T20:39:58.424Z] Requesting: http://localhost/rapair-management/server/public/api/intelligence/query
[2026-04-28T20:40:16.638Z] Requesting: http://localhost/rapair-management/server/public/api/intelligence/query
[2026-04-28T20:40:23.846Z] Requesting: http://localhost/rapair-management/server/public/api/intelligence/schema
[2026-04-28T20:40:39.846Z] Requesting: http://localhost/rapair-management/server/public/api/intelligence/query
[2026-04-28T20:40:55.733Z] Requesting: http://localhost/rapair-management/server/public/api/intelligence/query
[2026-04-28T20:41:10.324Z] Requesting: http://localhost/rapair-management/server/public/api/intelligence/query
[2026-04-28T20:41:32.942Z] Requesting: http://localhost/rapair-management/server/public/api/intelligence/query
[2026-04-28T20:45:35.783Z] Requesting: http://localhost/rapair-management/server/public/api/intelligence/schema
[2026-04-28T20:45:58.795Z] Requesting: http://localhost/rapair-management/server/public/api/intelligence/query
[2026-04-28T20:46:46.108Z] Requesting: http://localhost/rapair-management/server/public/api/intelligence/query
[2026-04-28T20:46:50.656Z] Requesting: http://localhost/rapair-management/server/public/api/intelligence/query
[2026-04-28T20:47:19.156Z] Requesting: http://localhost/rapair-management/server/public/api/intelligence/query
[2026-04-28T20:47:22.466Z] Requesting: http://localhost/rapair-management/server/public/api/intelligence/schema
[2026-04-28T20:47:26.941Z] Requesting: http://localhost/rapair-management/server/public/api/intelligence/query
[2026-04-28T20:47:54.860Z] Requesting: http://localhost/rapair-management/server/public/api/intelligence/query
[2026-04-28T20:48:32.044Z] Requesting: http://localhost/rapair-management/server/public/api/intelligence/query
[2026-04-28T20:48:41.300Z] Requesting: http://localhost/rapair-management/server/public/api/intelligence/query
[2026-04-28T20:50:14.715Z] API REQUEST: http://localhost/rapair-management/server/public/api/intelligence/schema
[2026-04-28T20:50:15.150Z] API RESPONSE [SUCCESS]: {"status":"success","message":"Success","data":{"invoices":["id","invoice_no","order_id","online_order_id","location_id","customer_id","billing_address","shipping_address","issue_date","due_date","sub
[2026-04-28T20:50:26.495Z] API REQUEST: http://localhost/rapair-management/server/public/api/intelligence/query
[2026-04-28T20:50:26.810Z] API RESPONSE [SUCCESS]: {"status":"success","message":"Success","data":[{"id":1,"part_name":"Oil Filter","stock_quantity":"489.000","price":"12.99","sku":"SKU-20260408-483331","unit":"pcs"},{"id":2,"part_name":"Brake Pads","
[2026-04-28T20:50:40.504Z] API REQUEST: http://localhost/rapair-management/server/public/api/intelligence/query
[2026-04-28T20:50:40.916Z] API RESPONSE [SUCCESS]: {"status":"success","message":"Success","data":[{"part_id":1,"part_name":"Oil Filter","quantity_on_hand":"4.000","price":"12.99","sku":"SKU-20260408-483331","unit":"pcs"},{"part_id":1,"part_name":"Oil
[2026-04-28T20:50:52.278Z] API REQUEST: http://localhost/rapair-management/server/public/api/intelligence/query
[2026-04-28T20:50:52.621Z] API RESPONSE [SUCCESS]: {"status":"success","message":"Success","data":[{"part_id":1,"part_name":"Oil Filter","total_quantity_on_hand":"16.000","price":"12.99","sku":"SKU-20260408-483331","unit":"pcs"},{"part_id":2,"part_nam
[2026-04-28T20:51:01.106Z] API REQUEST: http://localhost/rapair-management/server/public/api/intelligence/query
[2026-04-28T20:51:01.459Z] API RESPONSE [SUCCESS]: {"status":"success","message":"Success","data":[{"id":1,"part_id":1,"quantity_on_hand":"4.000","location_id":1,"batch_number":"BATCH-001"},{"id":2,"part_id":1,"quantity_on_hand":"10.000","location_id"
[2026-04-28T20:52:13.146Z] API REQUEST: http://localhost/rapair-management/server/public/api/intelligence/schema
[2026-04-28T20:52:13.985Z] API RESPONSE [SUCCESS]: {"status":"success","message":"Success","data":{"invoices":["id","invoice_no","order_id","online_order_id","location_id","customer_id","billing_address","shipping_address","issue_date","due_date","sub
[2026-04-28T20:52:32.111Z] API REQUEST: http://localhost/rapair-management/server/public/api/intelligence/query
[2026-04-28T20:52:32.517Z] API RESPONSE [SUCCESS]: {"status":"success","message":"Success","data":[{"id":1,"part_name":"Oil Filter","sku":"SKU-20260408-483331","stock_quantity":"489.000","price":"12.99","unit":"pcs"},{"id":2,"part_name":"Brake Pads","
[2026-04-28T20:56:46.711Z] API REQUEST: http://localhost/rapair-management/server/public/api/intelligence/schema
[2026-04-28T20:56:47.179Z] API RESPONSE [SUCCESS]: {"status":"success","message":"Success","data":{"invoices":["id","invoice_no","order_id","online_order_id","location_id","customer_id","billing_address","shipping_address","issue_date","due_date","sub
[2026-04-28T20:57:09.504Z] API REQUEST: http://localhost/rapair-management/server/public/api/intelligence/query
[2026-04-28T20:57:09.990Z] API RESPONSE [SUCCESS]: {"status":"success","message":"Success","data":[{"id":1,"name":"Thilina Ruwan","total_sales":"514764.47"},{"id":2,"name":"John Doe","total_sales":"72654.57"}]}
[2026-04-28T20:57:52.807Z] API REQUEST: http://localhost/rapair-management/server/public/api/intelligence/schema
[2026-04-28T20:57:53.271Z] API RESPONSE [SUCCESS]: {"status":"success","message":"Success","data":{"invoices":["id","invoice_no","order_id","online_order_id","location_id","customer_id","billing_address","shipping_address","issue_date","due_date","sub
[2026-04-28T20:58:00.420Z] API REQUEST: http://localhost/rapair-management/server/public/api/intelligence/query
[2026-04-28T20:58:00.842Z] API RESPONSE [SUCCESS]: {"status":"success","message":"Success","data":[{"month":"2026-04","revenue":"322260.00"}]}
[2026-04-28T20:58:19.864Z] API REQUEST: http://localhost/rapair-management/server/public/api/intelligence/schema
[2026-04-28T20:58:20.329Z] API RESPONSE [SUCCESS]: {"status":"success","message":"Success","data":{"invoices":["id","invoice_no","order_id","online_order_id","location_id","customer_id","billing_address","shipping_address","issue_date","due_date","sub
[2026-04-28T20:58:24.326Z] API REQUEST: http://localhost/rapair-management/server/public/api/intelligence/query
[2026-04-28T20:58:24.690Z] API RESPONSE [SUCCESS]: {"status":"success","message":"Success","data":[{"invoice_no":"INV-FO-20260427-4069","issue_date":"2026-04-27","customer_id":1,"grand_total":"50000.00","paid_amount":"0.00","status":"Unpaid"},{"invoic
[2026-04-28T20:59:36.690Z] API REQUEST: http://localhost/rapair-management/server/public/api/intelligence/schema
[2026-04-28T20:59:37.205Z] API RESPONSE [SUCCESS]: {"status":"success","message":"Success","data":{"invoices":["id","invoice_no","order_id","online_order_id","location_id","customer_id","billing_address","shipping_address","issue_date","due_date","sub
[2026-04-28T20:59:45.729Z] API REQUEST: http://localhost/rapair-management/server/public/api/intelligence/query
[2026-04-28T20:59:46.095Z] API RESPONSE [SUCCESS]: {"status":"success","message":"Success","data":[]}
[2026-04-28T21:00:46.488Z] API REQUEST: http://localhost/rapair-management/server/public/api/intelligence/schema
[2026-04-28T21:00:46.840Z] API RESPONSE [SUCCESS]: {"status":"success","message":"Success","data":{"invoices":["id","invoice_no","order_id","online_order_id","location_id","customer_id","billing_address","shipping_address","issue_date","due_date","sub
[2026-04-28T21:01:05.546Z] API REQUEST: http://localhost/rapair-management/server/public/api/intelligence/query
[2026-04-28T21:01:06.482Z] API RESPONSE [SUCCESS]: {"status":"success","message":"Success","data":[]}
[2026-04-28T21:01:17.876Z] API REQUEST: http://localhost/rapair-management/server/public/api/intelligence/schema
[2026-04-28T21:01:18.215Z] API RESPONSE [SUCCESS]: {"status":"success","message":"Success","data":{"invoices":["id","invoice_no","order_id","online_order_id","location_id","customer_id","billing_address","shipping_address","issue_date","due_date","sub
[2026-04-28T21:01:30.849Z] API REQUEST: http://localhost/rapair-management/server/public/api/intelligence/query
[2026-04-28T21:01:31.244Z] API RESPONSE [SUCCESS]: {"status":"success","message":"Success","data":[{"customer_id":1,"customer_name":"Thilina Ruwan","total_sales":"514764.47"},{"customer_id":2,"customer_name":"John Doe","total_sales":"72654.57"}]}
[2026-04-28T21:02:13.795Z] API REQUEST: http://localhost/rapair-management/server/public/api/intelligence/schema
[2026-04-28T21:02:14.392Z] API RESPONSE [SUCCESS]: {"status":"success","message":"Success","data":{"invoices":["id","invoice_no","order_id","online_order_id","location_id","customer_id","billing_address","shipping_address","issue_date","due_date","sub
[2026-04-28T21:02:22.572Z] API REQUEST: http://localhost/rapair-management/server/public/api/intelligence/query
[2026-04-28T21:02:22.959Z] API ERROR [403]: {"status":"error","message":"Only SELECT queries are allowed."}
[2026-04-28T21:03:04.338Z] API REQUEST: http://localhost/rapair-management/server/public/api/intelligence/schema
[2026-04-28T21:03:04.708Z] API RESPONSE [SUCCESS]: {"status":"success","message":"Success","data":{"invoices":["id","invoice_no","order_id","online_order_id","location_id","customer_id","billing_address","shipping_address","issue_date","due_date","sub
[2026-04-28T21:03:14.398Z] API REQUEST: http://localhost/rapair-management/server/public/api/intelligence/query
[2026-04-28T21:03:14.768Z] API RESPONSE [SUCCESS]: {"status":"success","message":"Success","data":[{"id":88,"invoice_no":"INV000087","order_id":null,"online_order_id":null,"reservation_id":null,"location_id":1,"customer_id":2,"billing_address":"Galpad
[2026-04-28T21:08:28.405Z] API REQUEST: http://localhost/rapair-management/server/public/api/intelligence/schema
[2026-04-28T21:08:29.150Z] API RESPONSE [SUCCESS]: {"status":"success","message":"Success","data":{"invoices":["id","invoice_no","order_id","online_order_id","location_id","customer_id","billing_address","shipping_address","issue_date","due_date","sub
[2026-04-28T21:08:44.459Z] API REQUEST: http://localhost/rapair-management/server/public/api/intelligence/query
[2026-04-28T21:08:44.908Z] API ERROR [403]: {"status":"error","message":"Only SELECT queries are allowed."}
[2026-04-28T21:09:08.910Z] API REQUEST: http://localhost/rapair-management/server/public/api/intelligence/schema
[2026-04-28T21:09:09.453Z] API RESPONSE [SUCCESS]: {"status":"success","message":"Success","data":{"invoices":["id","invoice_no","order_id","online_order_id","location_id","customer_id","billing_address","shipping_address","issue_date","due_date","sub
[2026-04-28T21:10:43.618Z] API REQUEST: http://localhost/rapair-management/server/public/api/intelligence/schema
[2026-04-28T21:10:44.061Z] API RESPONSE [SUCCESS]: {"status":"success","message":"Success","data":{"invoices":["id","invoice_no","order_id","online_order_id","location_id","customer_id","billing_address","shipping_address","issue_date","due_date","sub
[2026-04-28T21:10:54.136Z] API REQUEST: http://localhost/rapair-management/server/public/api/intelligence/query
[2026-04-28T21:10:54.564Z] API ERROR [403]: {"status":"error","message":"Only SELECT queries are allowed."}
[2026-04-28T21:11:41.691Z] API REQUEST: http://localhost/rapair-management/server/public/api/intelligence/schema
[2026-04-28T21:11:42.157Z] API RESPONSE [SUCCESS]: {"status":"success","message":"Success","data":{"invoices":["id","invoice_no","order_id","online_order_id","location_id","customer_id","billing_address","shipping_address","issue_date","due_date","sub
[2026-04-28T21:11:47.857Z] API REQUEST: http://localhost/rapair-management/server/public/api/intelligence/query
[2026-04-28T21:11:48.261Z] API RESPONSE [SUCCESS]: {"status":"success","message":"Success","data":[{"revenue_last_month":"0.00"}]}
[2026-04-28T21:12:24.722Z] API REQUEST: http://localhost/rapair-management/server/public/api/intelligence/schema
[2026-04-28T21:12:25.117Z] API RESPONSE [SUCCESS]: {"status":"success","message":"Success","data":{"invoices":["id","invoice_no","order_id","online_order_id","location_id","customer_id","billing_address","shipping_address","issue_date","due_date","sub
[2026-04-28T21:12:38.636Z] API REQUEST: http://localhost/rapair-management/server/public/api/intelligence/query
[2026-04-28T21:12:39.049Z] API RESPONSE [SUCCESS]: {"status":"success","message":"Success","data":[{"id":80,"invoice_no":"INV-FO-20260427-4069","issue_date":"2026-04-27","status":"Unpaid","paid_amount":"0.00","grand_total":"50000.00"},{"id":81,"invoic
[2026-04-28T21:13:26.750Z] API REQUEST: http://localhost/rapair-management/server/public/api/intelligence/schema
[2026-04-28T21:13:27.179Z] API RESPONSE [SUCCESS]: {"status":"success","message":"Success","data":{"invoices":["id","invoice_no","order_id","online_order_id","location_id","customer_id","billing_address","shipping_address","issue_date","due_date","sub
[2026-04-28T21:13:31.000Z] API REQUEST: http://localhost/rapair-management/server/public/api/intelligence/query
[2026-04-28T21:13:31.425Z] API ERROR [403]: {"status":"error","message":"Only SELECT queries are allowed."}
[2026-04-28T21:13:53.613Z] API REQUEST: http://localhost/rapair-management/server/public/api/intelligence/schema
[2026-04-28T21:13:54.053Z] API RESPONSE [SUCCESS]: {"status":"success","message":"Success","data":{"invoices":["id","invoice_no","order_id","online_order_id","location_id","customer_id","billing_address","shipping_address","issue_date","due_date","sub
[2026-04-28T21:14:08.013Z] API REQUEST: http://localhost/rapair-management/server/public/api/intelligence/query
[2026-04-28T21:14:08.437Z] API RESPONSE [SUCCESS]: {"status":"success","message":"Success","data":[{"forecast_revenue":null}]}
[2026-04-28T21:18:14.710Z] API REQUEST: http://localhost/rapair-management/server/public/api/intelligence/schema
[2026-04-28T21:18:15.524Z] API RESPONSE [SUCCESS]: {"status":"success","message":"Success","data":{"invoices":["id","invoice_no","order_id","online_order_id","location_id","customer_id","billing_address","shipping_address","issue_date","due_date","sub
[2026-04-28T21:18:22.548Z] API REQUEST: http://localhost/rapair-management/server/public/api/intelligence/query
[2026-04-28T21:18:22.993Z] API RESPONSE [SUCCESS]: {"status":"success","message":"Success","data":[{"Part Name":"Brake Pads","Stock Level":"64.000"},{"Part Name":"Labour Charge Hourly","Stock Level":"0.000"},{"Part Name":"Oil Filter","Stock Level":"48
[2026-04-28T21:28:19.811Z] API REQUEST: http://localhost/rapair-management/server/public/api/intelligence/schema
[2026-04-28T21:28:20.309Z] API RESPONSE [SUCCESS]: {"status":"success","message":"Success","data":{"invoices":["id","invoice_no","order_id","online_order_id","location_id","customer_id","billing_address","shipping_address","issue_date","due_date","sub
[2026-04-28T21:28:36.520Z] API REQUEST: http://localhost/rapair-management/server/public/api/intelligence/query
[2026-04-28T21:28:36.931Z] API RESPONSE [SUCCESS]: {"status":"success","message":"Success","data":[{"invoice_no":"INV-FO-20260427-4069","issue_date":"2026-04-27","grand_total":"50000.00","paid_amount":"0.00","status":"Unpaid"},{"invoice_no":"INV000080
[2026-04-28T21:30:29.939Z] API REQUEST: http://localhost/rapair-management/server/public/api/intelligence/schema
[2026-04-28T21:30:30.765Z] API RESPONSE [SUCCESS]: {"status":"success","message":"Success","data":{"invoices":["id","invoice_no","order_id","online_order_id","location_id","customer_id","billing_address","shipping_address","issue_date","due_date","sub
[2026-04-28T21:30:44.149Z] API REQUEST: http://localhost/rapair-management/server/public/api/intelligence/query
[2026-04-28T21:30:44.565Z] API RESPONSE [SUCCESS]: {"status":"success","message":"Success","data":[{"id":80,"invoice_no":"INV-FO-20260427-4069","issue_date":"2026-04-27","paid_amount":"0.00","grand_total":"50000.00","status":"Unpaid"},{"id":81,"invoic
[2026-04-28T21:31:27.154Z] API REQUEST: http://localhost/rapair-management/server/public/api/intelligence/schema
[2026-04-28T21:31:27.589Z] API RESPONSE [SUCCESS]: {"status":"success","message":"Success","data":{"invoices":["id","invoice_no","order_id","online_order_id","location_id","customer_id","billing_address","shipping_address","issue_date","due_date","sub
[2026-04-28T21:31:43.765Z] API REQUEST: http://localhost/rapair-management/server/public/api/intelligence/query
[2026-04-28T21:31:44.333Z] API RESPONSE [SUCCESS]: {"status":"success","message":"Success","data":[{"id":80,"invoice_no":"INV-FO-20260427-4069","issue_date":"2026-04-27","paid_amount":"0.00","grand_total":"50000.00","amount_outstanding":"50000.00"},{"
[2026-04-28T21:34:31.270Z] API REQUEST: http://localhost/rapair-management/server/public/api/intelligence/schema
[2026-04-28T21:34:32.043Z] API RESPONSE [SUCCESS]: {"status":"success","message":"Success","data":{"invoices":["id","invoice_no","order_id","online_order_id","location_id","customer_id","billing_address","shipping_address","issue_date","due_date","sub
[2026-04-28T21:34:49.714Z] API REQUEST: http://localhost/rapair-management/server/public/api/intelligence/query
[2026-04-28T21:34:50.479Z] API RESPONSE [SUCCESS]: {"status":"success","message":"Success","data":[{"id":80,"invoice_no":"INV-FO-20260427-4069","issue_date":"2026-04-27","status":"Unpaid","paid_amount":"0.00","grand_total":"50000.00"},{"id":81,"invoic
[2026-04-28T21:38:22.708Z] API REQUEST: http://localhost/rapair-management/server/public/api/intelligence/schema
[2026-04-28T21:38:23.577Z] API RESPONSE [SUCCESS]: {"status":"success","message":"Success","data":{"invoices":["id","invoice_no","order_id","online_order_id","location_id","customer_id","billing_address","shipping_address","issue_date","due_date","sub
[2026-04-28T21:38:35.227Z] API REQUEST: http://localhost/rapair-management/server/public/api/intelligence/query
[2026-04-28T21:38:35.691Z] API RESPONSE [SUCCESS]: {"status":"success","message":"Success","data":[{"revenue_month":"2026-04","total_revenue":"587419.04"}]}
[2026-04-28T21:40:03.653Z] API REQUEST: http://localhost/rapair-management/server/public/api/intelligence/schema
[2026-04-28T21:40:04.436Z] API RESPONSE [SUCCESS]: {"status":"success","message":"Success","data":{"invoices":["id","invoice_no","order_id","online_order_id","location_id","customer_id","billing_address","shipping_address","issue_date","due_date","sub
[2026-04-28T21:40:23.761Z] API REQUEST: http://localhost/rapair-management/server/public/api/intelligence/query
[2026-04-28T21:40:24.912Z] API ERROR [403]: {"status":"error","message":"Only SELECT queries are allowed."}
[2026-04-28T21:41:20.090Z] API REQUEST: http://localhost/rapair-management/server/public/api/intelligence/schema
[2026-04-28T21:41:20.472Z] API RESPONSE [SUCCESS]: {"status":"success","message":"Success","data":{"invoices":["id","invoice_no","order_id","online_order_id","location_id","customer_id","billing_address","shipping_address","issue_date","due_date","sub
[2026-04-28T21:41:34.745Z] API REQUEST: http://localhost/rapair-management/server/public/api/intelligence/query
[2026-04-28T21:41:35.187Z] API RESPONSE [SUCCESS]: {"status":"success","message":"Success","data":[{"invoice_date":"2026-04-15","invoice_count":12,"total_subtotal":"14225.47","total_tax":"2916.24","total_discount":"0.00","total_grand":"17141.71","tota
[2026-04-28T21:43:05.306Z] API REQUEST: http://localhost/rapair-management/server/public/api/intelligence/schema
[2026-04-28T21:43:06.166Z] API RESPONSE [SUCCESS]: {"status":"success","message":"Success","data":{"invoices":["id","invoice_no","order_id","online_order_id","location_id","customer_id","billing_address","shipping_address","issue_date","due_date","sub
[2026-04-28T21:43:25.061Z] API REQUEST: http://localhost/rapair-management/server/public/api/intelligence/query
[2026-04-28T21:43:25.446Z] API RESPONSE [SUCCESS]: {"status":"success","message":"Success","data":[{"applied_promotion_id":8,"applied_promotion_name":"Brak pad 5 1","invoice_count":18,"total_discount":"103.92","total_sales":"8676.03"},{"applied_promot
[2026-04-28T21:52:59.975Z] API REQUEST: http://localhost/rapair-management/server/public/api/intelligence/schema
[2026-04-28T21:53:01.517Z] API RESPONSE [SUCCESS]: {"status":"success","message":"Success","data":{"invoices":["id","invoice_no","order_id","online_order_id","location_id","customer_id","billing_address","shipping_address","issue_date","due_date","sub
[2026-04-28T21:53:22.035Z] API REQUEST: http://localhost/rapair-management/server/public/api/intelligence/query
[2026-04-28T21:53:22.676Z] API RESPONSE [SUCCESS]: {"status":"success","message":"Success","data":[{"id":80,"invoice_no":"INV-FO-20260427-4069","issue_date":"2026-04-27","grand_total":"50000.00","paid_amount":"0.00","status":"Unpaid"},{"id":81,"invoic
[2026-04-30T09:14:50.425Z] API REQUEST: http://localhost/rapair-management/server/public/api/intelligence/schema
[2026-04-30T09:14:51.086Z] API RESPONSE [SUCCESS]: {"status":"success","message":"Success","data":{"invoices":["id","invoice_no","order_id","online_order_id","reservation_id","location_id","customer_id","billing_address","shipping_address","issue_date
[2026-04-30T09:15:15.969Z] API REQUEST: http://localhost/rapair-management/server/public/api/intelligence/query
[2026-04-30T09:15:16.522Z] API RESPONSE [SUCCESS]: {"status":"success","message":"Success","data":[{"forecast_start_date":"2026-05-01","forecast_end_date":"2026-05-31","forecast_revenue":null}]}
[2026-05-15T11:27:51.944Z] API REQUEST: http://localhost/rapair-management/server/public/api/intelligence/schema
[2026-05-15T11:27:52.411Z] API RESPONSE [SUCCESS]: {"status":"success","message":"Success","data":{"invoices":["id","invoice_no","order_id","online_order_id","reservation_id","banquet_booking_id","recurring_template_id","location_id","customer_id","bi
[2026-05-15T11:27:58.859Z] API REQUEST: http://localhost/rapair-management/server/public/api/intelligence/query
[2026-05-15T11:27:59.201Z] API RESPONSE [SUCCESS]: {"status":"success","message":"Success","data":[{"part_id":2,"part_name":"Brake Pads","total_quantity_sold":"247.00","total_sales_amount":"11115.00"},{"part_id":3,"part_name":"Transmission Fluid","tot
[2026-05-15T11:28:20.405Z] API REQUEST: http://localhost/rapair-management/server/public/api/intelligence/schema
[2026-05-15T11:28:20.739Z] API RESPONSE [SUCCESS]: {"status":"success","message":"Success","data":{"invoices":["id","invoice_no","order_id","online_order_id","reservation_id","banquet_booking_id","recurring_template_id","location_id","customer_id","bi
[2026-05-15T11:28:45.051Z] API REQUEST: http://localhost/rapair-management/server/public/api/intelligence/query
[2026-05-15T11:28:45.836Z] API RESPONSE [SUCCESS]: {"status":"success","message":"Success","data":[{"vehicle_model":"Toyota Camry","repair_order_count":3}]}
